<?xml version="1.0" encoding="UTF-8"?>
<!-- Generated by org.testng.reporters.JUnitXMLReporter -->
<testsuite ignored="1" hostname="HMECL000895" failures="0" tests="11" name="Little Passport Service Execution" time="23.147" errors="0" timestamp="16 May 2019 12:47:04 GMT">
  <testcase classname="com.test.PaymentService" name="verifythepaymentservice" time="4.34"/>
  <testcase classname="com.test.PaymentService" name="verifyNoofPlansreceived" time="2.909"/>
  <testcase classname="com.test.PaymentService" name="verifythepaymentserviceforthebillpayid" time="0.594"/>
  <testcase classname="com.test.PaymentService" name="verifythepaymentservicefortheInvalidbillpayid" time="0.615"/>
  <testcase classname="com.test.PaymentService" name="createsaleTransaction_OldCustomer_NewCreaditcardRegistration" time="1.521"/>
  <testcase classname="com.test.PaymentService" name="updateBPRequest" time="0.674"/>
  <testcase classname="com.test.PaymentService" name="createsaleTransaction_NewCustomer_NewCreaditcardRegistration" time="2.036"/>
  <testcase classname="com.test.PaymentService" name="createsaleTransactionforsubscriptionwithpaymentmethod" time="2.838"/>
  <testcase classname="com.test.PaymentService" name="createsaleTransactionforsimpleproductwithpaymentmethod" time="2.181"/>
  <testcase classname="com.test.PaymentService" name="createnewsubscriptionTransactionwithnewcustomerandcreditcard" time="1.464"/>
  <testcase classname="com.test.PaymentService" name="updateTransaction" time="2.94"/>
  <testcase classname="com.test.PaymentService" name="verifyBillplansContainsAddons" time="0.0">
    <ignored/>
  </testcase> <!-- verifyBillplansContainsAddons -->
</testsuite> <!-- Little Passport Service Execution -->
